[2025/05/30 23:19:12.155] - Starting server with initial configuration: {"gasLimit":6721975,"gasPrice":20000000000,"hardfork":"merge","hostname":"127.0.0.1","port":7545,"network_id":5777,"default_balance_ether":1000,"total_accounts":10,"unlocked_accounts":[],"locked":false,"vmErrorsOnRPCResponse":true,"verbose":false,"flavor":"ethereum","db_path":"C:\\Users\\Mouhsen\\AppData\\Roaming\\Ganache\\ui\\workspaces\\fake-product-project\\chaindata","mnemonic":"biology vote peanut rabbit render motor shrug film focus make feed decrease","logDirectory":"H:\\mouhsen\\F\\VS-Code\\Fake Product\\Project\\Blockchain Proj\\project-files\\project source code\\backend\\blockchain\\logs"}
[2025/05/30 23:19:13.007] - eth_subscribe
[2025/05/30 23:19:13.017] - eth_getLogs
[2025/05/30 23:19:13.020] - eth_subscribe
[2025/05/30 23:19:13.023] - eth_getCode
[2025/05/30 23:19:13.089] - eth_getCode
[2025/05/30 23:19:13.192] - eth_getCode
[2025/05/30 23:19:13.193] - eth_subscribe
[2025/05/30 23:19:13.195] - eth_getLogs
[2025/05/30 23:19:13.198] - eth_subscribe
[2025/05/30 23:19:13.230] - eth_getCode
[2025/05/30 23:19:13.898] - eth_blockNumber
[2025/05/30 23:19:13.900] - eth_accounts
[2025/05/30 23:19:13.901] - eth_gasPrice
[2025/05/30 23:19:13.903] - eth_getBlockByNumber
[2025/05/30 23:19:13.904] - eth_subscribe
[2025/05/30 23:19:13.910] - eth_blockNumber
[2025/05/30 23:19:13.911] - eth_accounts
[2025/05/30 23:19:13.912] - eth_gasPrice
[2025/05/30 23:19:13.913] - eth_getBlockByNumber
[2025/05/30 23:19:13.914] - eth_subscribe
[2025/05/30 23:19:13.963] - eth_accounts
[2025/05/30 23:19:14.297] - eth_getBalance
[2025/05/30 23:19:14.786] - eth_getTransactionCount
[2025/05/30 23:19:14.791] - eth_getBalance
[2025/05/30 23:19:14.796] - eth_getTransactionCount
[2025/05/30 23:19:14.802] - eth_getBalance
[2025/05/30 23:19:14.807] - eth_getTransactionCount
[2025/05/30 23:19:14.810] - eth_getBalance
[2025/05/30 23:19:14.813] - eth_getTransactionCount
[2025/05/30 23:19:14.817] - eth_getBalance
[2025/05/30 23:19:14.820] - eth_getTransactionCount
[2025/05/30 23:19:14.823] - eth_getBalance
[2025/05/30 23:19:14.827] - eth_getTransactionCount
[2025/05/30 23:19:14.831] - eth_getBalance
[2025/05/30 23:19:14.851] - eth_getTransactionCount
[2025/05/30 23:19:14.899] - eth_getBalance
[2025/05/30 23:19:14.917] - eth_getTransactionCount
[2025/05/30 23:19:14.941] - eth_getBalance
[2025/05/30 23:19:14.960] - eth_getTransactionCount
[2025/05/30 23:19:14.986] - eth_getBalance
[2025/05/30 23:19:15.008] - eth_getTransactionCount
[2025/05/30 23:19:15.067] - eth_getBalance
[2025/05/30 23:19:15.092] - eth_getTransactionCount
[2025/05/30 23:19:15.117] - eth_getBalance
[2025/05/30 23:19:15.138] - eth_getTransactionCount
[2025/05/30 23:19:15.161] - eth_getBalance
[2025/05/30 23:19:15.175] - eth_getTransactionCount
[2025/05/30 23:19:15.198] - eth_getBalance
[2025/05/30 23:19:15.224] - eth_getTransactionCount
[2025/05/30 23:19:15.243] - eth_getBalance
[2025/05/30 23:19:15.269] - eth_getTransactionCount
[2025/05/30 23:19:15.281] - eth_getBalance
[2025/05/30 23:19:15.313] - eth_getTransactionCount
[2025/05/30 23:19:15.342] - eth_getBalance
[2025/05/30 23:19:15.354] - eth_getTransactionCount
[2025/05/30 23:19:15.366] - eth_getBalance
[2025/05/30 23:19:15.379] - eth_getTransactionCount
[2025/05/30 23:19:15.387] - eth_getBalance
[2025/05/30 23:19:15.408] - eth_getTransactionCount
[2025/05/30 23:19:15.428] - eth_getBalance
[2025/05/30 23:19:15.449] - eth_getTransactionCount
[2025/05/30 23:19:15.468] - eth_getBalance
[2025/05/30 23:19:15.493] - eth_getTransactionCount
[2025/05/30 23:19:15.514] - eth_getBalance
[2025/05/30 23:19:15.532] - eth_getTransactionCount
[2025/05/30 23:19:15.557] - eth_getBalance
[2025/05/30 23:19:15.589] - eth_getTransactionCount
[2025/05/30 23:19:15.607] - eth_getBalance
[2025/05/30 23:19:15.622] - eth_getTransactionCount
[2025/05/30 23:19:15.635] - eth_getBalance
[2025/05/30 23:19:15.675] - eth_getTransactionCount
[2025/05/30 23:19:15.692] - eth_getBalance
[2025/05/30 23:19:15.724] - eth_getTransactionCount
[2025/05/30 23:19:15.745] - eth_getBalance
[2025/05/30 23:19:15.779] - eth_getTransactionCount
[2025/05/30 23:19:15.795] - eth_getBalance
[2025/05/30 23:19:15.810] - eth_getTransactionCount
[2025/05/30 23:19:15.825] - eth_getBalance
[2025/05/30 23:19:15.838] - eth_getTransactionCount
[2025/05/30 23:19:15.852] - eth_getBalance
[2025/05/30 23:19:15.870] - eth_getTransactionCount
[2025/05/30 23:19:16.050] - eth_getBalance
[2025/05/30 23:19:16.067] - eth_getTransactionCount
[2025/05/30 23:19:16.089] - eth_getBalance
[2025/05/30 23:19:16.114] - eth_getTransactionCount
[2025/05/30 23:19:16.144] - eth_getBalance
[2025/05/30 23:19:16.161] - eth_getTransactionCount
[2025/05/30 23:19:16.187] - eth_getBalance
[2025/05/30 23:19:16.212] - eth_getTransactionCount
[2025/05/30 23:19:16.226] - eth_getBalance
[2025/05/30 23:19:16.244] - eth_getTransactionCount
[2025/05/30 23:19:16.280] - eth_getBalance
[2025/05/30 23:19:16.300] - eth_getTransactionCount
[2025/05/30 23:19:16.318] - eth_getBalance
[2025/05/30 23:19:16.331] - eth_getTransactionCount
[2025/05/30 23:19:16.347] - eth_getBalance
[2025/05/30 23:19:16.367] - eth_getTransactionCount
[2025/05/30 23:19:16.387] - eth_getBalance
[2025/05/30 23:19:16.419] - eth_getTransactionCount
[2025/05/30 23:19:16.456] - eth_getBalance
[2025/05/30 23:19:16.486] - eth_getTransactionCount
[2025/05/30 23:20:21.647] - eth_chainId
[2025/05/30 23:20:21.650] - eth_accounts
[2025/05/30 23:20:21.786] - eth_accounts
[2025/05/30 23:20:21.788] - eth_chainId
[2025/05/31 01:44:32.242] - eth_getBlockByNumber
[2025/05/31 01:44:32.410] - eth_getBlockTransactionCountByHash
[2025/05/31 01:44:32.497] - eth_getBlockByNumber
[2025/05/31 01:44:32.542] - eth_getBlockTransactionCountByHash
[2025/05/31 01:44:32.565] - eth_getBlockByNumber
[2025/05/31 01:44:32.627] - eth_getBlockTransactionCountByHash
[2025/05/31 01:44:32.655] - eth_getBlockByNumber
[2025/05/31 01:44:32.683] - eth_getBlockTransactionCountByHash
[2025/05/31 01:44:32.712] - eth_getBlockByNumber
[2025/05/31 01:44:32.741] - eth_getBlockTransactionCountByHash
[2025/05/31 01:44:32.767] - eth_getBlockByNumber
[2025/05/31 01:44:32.799] - eth_getBlockTransactionCountByHash
[2025/05/31 01:44:32.828] - eth_getBlockByNumber
[2025/05/31 01:44:32.854] - eth_getBlockTransactionCountByHash
[2025/05/31 01:44:32.894] - eth_getBlockByNumber
[2025/05/31 01:44:32.920] - eth_getBlockTransactionCountByHash
[2025/05/31 01:44:32.947] - eth_getBlockByNumber
[2025/05/31 01:44:32.975] - eth_getBlockTransactionCountByHash
[2025/05/31 01:44:33.000] - eth_getBlockByNumber
[2025/05/31 01:44:33.031] - eth_getBlockTransactionCountByHash
[2025/05/31 01:44:33.081] - eth_getBlockByNumber
[2025/05/31 01:44:33.106] - eth_getBlockTransactionCountByHash
[2025/05/31 01:44:33.140] - eth_getBlockByNumber
[2025/05/31 01:44:33.190] - eth_getBlockTransactionCountByHash
[2025/05/31 01:44:33.234] - eth_getBlockByNumber
[2025/05/31 01:44:33.277] - eth_getBlockTransactionCountByHash
[2025/05/31 01:44:33.322] - eth_getBlockByNumber
[2025/05/31 01:44:33.369] - eth_getBlockTransactionCountByHash
[2025/05/31 01:44:33.420] - eth_getBlockByNumber
[2025/05/31 01:44:33.471] - eth_getBlockTransactionCountByHash
[2025/05/31 01:44:33.514] - eth_getBlockByNumber
[2025/05/31 01:44:33.557] - eth_getBlockTransactionCountByHash
[2025/05/31 01:44:35.196] - eth_getBlockByNumber
[2025/05/31 01:44:35.222] - eth_getTransactionReceipt
[2025/05/31 01:44:39.144] - eth_unsubscribe
[2025/05/31 01:44:39.154] - eth_unsubscribe
