[2025/05/31 01:54:26.831] - Starting server with initial configuration: {"gasLimit":6721975,"gasPrice":20000000000,"hardfork":"merge","hostname":"127.0.0.1","port":7545,"network_id":5777,"default_balance_ether":1000,"total_accounts":10,"unlocked_accounts":[],"locked":false,"vmErrorsOnRPCResponse":true,"verbose":false,"flavor":"ethereum","db_path":"C:\\Users\\Mouhsen\\AppData\\Roaming\\Ganache\\ui\\workspaces\\fake-product-project\\chaindata","mnemonic":"biology vote peanut rabbit render motor shrug film focus make feed decrease","logDirectory":"H:\\mouhsen\\F\\VS-Code\\Fake Product\\Project\\Blockchain Proj\\project-files\\project source code\\backend\\blockchain\\logs"}
[2025/05/31 01:54:27.264] - eth_getCode
[2025/05/31 01:54:27.267] - eth_subscribe
[2025/05/31 01:54:27.268] - eth_getLogs
[2025/05/31 01:54:27.270] - eth_subscribe
[2025/05/31 01:54:27.294] - eth_getCode
[2025/05/31 01:54:27.408] - eth_getCode
[2025/05/31 01:54:27.409] - eth_subscribe
[2025/05/31 01:54:27.410] - eth_getLogs
[2025/05/31 01:54:27.411] - eth_subscribe
[2025/05/31 01:54:27.426] - eth_getCode
[2025/05/31 01:54:27.512] - eth_getBlockByNumber
[2025/05/31 01:54:27.515] - eth_subscribe
[2025/05/31 01:54:27.523] - eth_blockNumber
[2025/05/31 01:54:27.524] - eth_accounts
[2025/05/31 01:54:27.525] - eth_gasPrice
[2025/05/31 01:54:27.526] - eth_getBlockByNumber
[2025/05/31 01:54:27.527] - eth_subscribe
[2025/05/31 01:54:27.529] - eth_blockNumber
[2025/05/31 01:54:27.531] - eth_accounts
[2025/05/31 01:54:27.532] - eth_gasPrice
[2025/05/31 01:54:27.648] - eth_getBalance
[2025/05/31 01:54:27.655] - eth_getTransactionCount
[2025/05/31 01:54:27.662] - eth_getBalance
[2025/05/31 01:54:27.667] - eth_getTransactionCount
[2025/05/31 01:54:27.674] - eth_getBalance
[2025/05/31 01:54:27.690] - eth_getTransactionCount
[2025/05/31 01:54:27.696] - eth_getBalance
[2025/05/31 01:54:27.701] - eth_getTransactionCount
[2025/05/31 01:54:27.710] - eth_getBalance
[2025/05/31 01:54:27.719] - eth_getTransactionCount
[2025/05/31 01:54:27.725] - eth_getBalance
[2025/05/31 01:54:27.730] - eth_getTransactionCount
[2025/05/31 01:54:27.736] - eth_getBalance
[2025/05/31 01:54:27.741] - eth_getTransactionCount
[2025/05/31 01:54:27.747] - eth_getBalance
[2025/05/31 01:54:27.751] - eth_getTransactionCount
[2025/05/31 01:54:27.756] - eth_getBalance
[2025/05/31 01:54:27.762] - eth_getTransactionCount
[2025/05/31 01:54:27.767] - eth_getBalance
[2025/05/31 01:54:27.772] - eth_getTransactionCount
[2025/05/31 01:54:27.778] - eth_getBalance
[2025/05/31 01:54:27.784] - eth_getTransactionCount
[2025/05/31 01:54:27.789] - eth_getBalance
[2025/05/31 01:54:27.794] - eth_getTransactionCount
[2025/05/31 01:54:27.799] - eth_getBalance
[2025/05/31 01:54:27.804] - eth_getTransactionCount
[2025/05/31 01:54:27.809] - eth_getBalance
[2025/05/31 01:54:27.814] - eth_getTransactionCount
[2025/05/31 01:54:27.819] - eth_getBalance
[2025/05/31 01:54:27.824] - eth_getTransactionCount
[2025/05/31 01:54:27.829] - eth_getBalance
[2025/05/31 01:54:27.834] - eth_getTransactionCount
[2025/05/31 01:54:27.839] - eth_getBalance
[2025/05/31 01:54:27.845] - eth_getTransactionCount
[2025/05/31 01:54:27.850] - eth_getBalance
[2025/05/31 01:54:27.855] - eth_getTransactionCount
[2025/05/31 01:54:27.860] - eth_getBalance
[2025/05/31 01:54:27.865] - eth_getTransactionCount
[2025/05/31 01:54:27.870] - eth_getBalance
[2025/05/31 01:54:27.877] - eth_getTransactionCount
[2025/05/31 01:54:27.882] - eth_getBalance
[2025/05/31 01:54:27.887] - eth_getTransactionCount
[2025/05/31 01:54:27.893] - eth_getBalance
[2025/05/31 01:54:27.897] - eth_getTransactionCount
[2025/05/31 01:54:27.902] - eth_getBalance
[2025/05/31 01:54:27.907] - eth_getTransactionCount
[2025/05/31 01:54:27.912] - eth_getBalance
[2025/05/31 01:54:27.917] - eth_getTransactionCount
[2025/05/31 01:54:27.922] - eth_getBalance
[2025/05/31 01:54:27.928] - eth_getTransactionCount
[2025/05/31 01:54:27.933] - eth_getBalance
[2025/05/31 01:54:27.940] - eth_getTransactionCount
[2025/05/31 01:54:27.948] - eth_getBalance
[2025/05/31 01:54:27.955] - eth_getTransactionCount
[2025/05/31 01:54:27.962] - eth_getBalance
[2025/05/31 01:54:27.968] - eth_getTransactionCount
[2025/05/31 01:54:27.975] - eth_getBalance
[2025/05/31 01:54:27.981] - eth_getTransactionCount
[2025/05/31 01:54:27.986] - eth_getBalance
[2025/05/31 01:54:27.994] - eth_getTransactionCount
[2025/05/31 01:54:27.999] - eth_getBalance
[2025/05/31 01:54:28.007] - eth_getTransactionCount
[2025/05/31 01:54:28.015] - eth_getBalance
[2025/05/31 01:54:28.022] - eth_getTransactionCount
[2025/05/31 01:54:28.028] - eth_getBalance
[2025/05/31 01:54:28.033] - eth_getTransactionCount
[2025/05/31 01:54:28.038] - eth_getBalance
[2025/05/31 01:54:28.042] - eth_getTransactionCount
[2025/05/31 01:54:28.050] - eth_getBalance
[2025/05/31 01:54:28.056] - eth_getTransactionCount
[2025/05/31 01:54:28.061] - eth_getBalance
[2025/05/31 01:54:28.069] - eth_getTransactionCount
[2025/05/31 01:54:28.074] - eth_getBalance
[2025/05/31 01:54:28.079] - eth_getTransactionCount
[2025/05/31 01:54:28.086] - eth_getBalance
[2025/05/31 01:54:28.093] - eth_getTransactionCount
[2025/05/31 01:54:28.101] - eth_getBalance
[2025/05/31 01:54:28.108] - eth_getTransactionCount
[2025/05/31 01:54:28.113] - eth_getBalance
[2025/05/31 01:54:28.118] - eth_getTransactionCount
[2025/05/31 01:56:32.696] - eth_blockNumber
[2025/05/31 01:56:32.726] - eth_sendTransaction
[2025/05/31 01:56:33.172] - 
  Transaction: 0x739bcccdbffbbebc28db79d912f49bc3d4c4f95258784ea72380bb02c053fe03
  Gas usage: 481624
  Block number: 23
  Block time: Sat May 31 2025 01:56:32 GMT+0530 (India Standard Time)

[2025/05/31 01:56:33.181] - eth_getBlockByNumber
[2025/05/31 01:56:33.191] - eth_getBalance
[2025/05/31 01:56:33.198] - eth_getTransactionCount
[2025/05/31 01:56:33.206] - eth_getBalance
[2025/05/31 01:56:33.208] - eth_chainId
[2025/05/31 01:56:33.209] - eth_getTransactionByHash
[2025/05/31 01:56:33.211] - eth_getTransactionCount
[2025/05/31 01:56:33.217] - eth_getBalance
[2025/05/31 01:56:33.224] - eth_getTransactionCount
[2025/05/31 01:56:33.234] - eth_getBalance
[2025/05/31 01:56:33.240] - eth_getTransactionCount
[2025/05/31 01:56:33.245] - eth_getBalance
[2025/05/31 01:56:33.251] - eth_getTransactionCount
[2025/05/31 01:56:33.255] - eth_chainId
[2025/05/31 01:56:33.255] - eth_getTransactionReceipt
[2025/05/31 01:56:33.257] - eth_getBalance
[2025/05/31 01:56:33.263] - eth_getTransactionCount
[2025/05/31 01:56:33.270] - eth_getBalance
[2025/05/31 01:56:33.279] - eth_getTransactionCount
[2025/05/31 01:56:33.284] - eth_getBalance
[2025/05/31 01:56:33.287] - eth_blockNumber
[2025/05/31 01:56:33.291] - eth_getTransactionCount
[2025/05/31 01:56:33.297] - eth_getBalance
[2025/05/31 01:56:33.304] - eth_getTransactionCount
[2025/05/31 01:56:33.312] - eth_getBalance
[2025/05/31 01:56:33.316] - eth_getTransactionCount
[2025/05/31 01:57:07.845] - eth_call
[2025/05/31 01:57:07.846] - eth_chainId
[2025/05/31 01:57:32.332] - eth_call
[2025/05/31 01:57:32.332] - eth_chainId
[2025/05/31 01:57:48.115] - eth_call
[2025/05/31 01:57:48.115] - eth_chainId
[2025/05/31 01:57:58.415] - eth_call
[2025/05/31 01:57:58.416] - eth_chainId
[2025/05/31 02:09:40.342] - eth_call
[2025/05/31 02:09:40.676] - eth_chainId
[2025/05/31 02:11:35.241] - eth_chainId
[2025/05/31 02:11:35.241] - eth_accounts
[2025/05/31 02:11:35.283] - eth_accounts
[2025/05/31 02:11:35.284] - eth_chainId
[2025/05/31 02:12:56.911] - eth_call
[2025/05/31 02:12:56.911] - eth_chainId
[2025/05/31 02:13:11.871] - eth_chainId
[2025/05/31 02:13:11.872] - eth_accounts
[2025/05/31 02:13:11.911] - eth_accounts
[2025/05/31 02:13:11.912] - eth_chainId
[2025/05/31 02:13:42.933] - eth_chainId
[2025/05/31 02:13:42.934] - eth_accounts
[2025/05/31 02:13:42.973] - eth_accounts
[2025/05/31 02:13:42.974] - eth_chainId
[2025/05/31 02:14:02.226] - eth_call
[2025/05/31 02:14:02.228] - eth_chainId
[2025/05/31 02:14:45.476] - eth_call
[2025/05/31 02:14:45.477] - eth_chainId
[2025/05/31 02:16:32.350] - eth_call
[2025/05/31 02:16:32.352] - eth_chainId
[2025/05/31 02:17:24.046] - eth_unsubscribe
[2025/05/31 02:17:24.047] - eth_unsubscribe
