[2025/05/29 16:50:52.846] - Starting server with initial configuration: {"gasLimit":6721975,"gasPrice":20000000000,"hardfork":"merge","hostname":"127.0.0.1","port":7545,"network_id":5777,"default_balance_ether":1000,"total_accounts":10,"unlocked_accounts":[],"locked":false,"vmErrorsOnRPCResponse":true,"verbose":false,"flavor":"ethereum","db_path":"C:\\Users\\Mouhsen\\AppData\\Roaming\\Ganache\\ui\\workspaces\\fake-product-project\\chaindata","mnemonic":"biology vote peanut rabbit render motor shrug film focus make feed decrease","logDirectory":"H:\\mouhsen\\F\\VS-Code\\Fake Product\\Project\\Blockchain Proj\\project-files\\project source code\\backend\\blockchain\\logs"}
[2025/05/29 16:50:53.486] - eth_blockNumber
[2025/05/29 16:50:53.490] - eth_subscribe
[2025/05/29 16:50:53.491] - eth_getLogs
[2025/05/29 16:50:53.494] - eth_subscribe
[2025/05/29 16:50:53.496] - eth_accounts
[2025/05/29 16:50:53.497] - eth_gasPrice
[2025/05/29 16:50:53.498] - eth_getBlockByNumber
[2025/05/29 16:50:53.499] - eth_subscribe
[2025/05/29 16:50:53.502] - eth_blockNumber
[2025/05/29 16:50:53.502] - eth_accounts
[2025/05/29 16:50:53.503] - eth_gasPrice
[2025/05/29 16:50:53.504] - eth_getBlockByNumber
[2025/05/29 16:50:53.504] - eth_subscribe
[2025/05/29 16:50:53.507] - eth_subscribe
[2025/05/29 16:50:53.508] - eth_getLogs
[2025/05/29 16:50:53.509] - eth_subscribe
[2025/05/29 16:50:53.510] - eth_accounts
[2025/05/29 16:50:53.545] - eth_getBalance
[2025/05/29 16:50:53.547] - eth_getTransactionCount
[2025/05/29 16:50:53.554] - eth_getBalance
[2025/05/29 16:50:53.557] - eth_getTransactionCount
[2025/05/29 16:50:53.562] - eth_getBalance
[2025/05/29 16:50:53.569] - eth_getTransactionCount
[2025/05/29 16:50:53.576] - eth_getBalance
[2025/05/29 16:50:53.583] - eth_getTransactionCount
[2025/05/29 16:50:53.585] - eth_getBalance
[2025/05/29 16:50:53.593] - eth_getTransactionCount
[2025/05/29 16:50:53.597] - eth_getBalance
[2025/05/29 16:50:53.600] - eth_getTransactionCount
[2025/05/29 16:50:53.603] - eth_getBalance
[2025/05/29 16:50:53.605] - eth_getTransactionCount
[2025/05/29 16:50:53.608] - eth_getBalance
[2025/05/29 16:50:53.611] - eth_getTransactionCount
[2025/05/29 16:50:53.614] - eth_getBalance
[2025/05/29 16:50:53.616] - eth_getTransactionCount
[2025/05/29 16:50:53.619] - eth_getBalance
[2025/05/29 16:50:53.621] - eth_getTransactionCount
[2025/05/29 16:50:53.743] - eth_getBalance
[2025/05/29 16:50:53.752] - eth_getTransactionCount
[2025/05/29 16:50:53.757] - eth_getBalance
[2025/05/29 16:50:53.761] - eth_getTransactionCount
[2025/05/29 16:50:53.765] - eth_getBalance
[2025/05/29 16:50:53.770] - eth_getTransactionCount
[2025/05/29 16:50:53.772] - eth_getBalance
[2025/05/29 16:50:53.775] - eth_getTransactionCount
[2025/05/29 16:50:53.778] - eth_getBalance
[2025/05/29 16:50:53.780] - eth_getTransactionCount
[2025/05/29 16:50:53.783] - eth_getBalance
[2025/05/29 16:50:53.786] - eth_getTransactionCount
[2025/05/29 16:50:53.788] - eth_getBalance
[2025/05/29 16:50:53.790] - eth_getTransactionCount
[2025/05/29 16:50:53.793] - eth_getBalance
[2025/05/29 16:50:53.794] - eth_getTransactionCount
[2025/05/29 16:50:53.796] - eth_getBalance
[2025/05/29 16:50:53.799] - eth_getTransactionCount
[2025/05/29 16:50:53.801] - eth_getBalance
[2025/05/29 16:50:53.803] - eth_getTransactionCount
[2025/05/29 16:50:53.804] - eth_getBalance
[2025/05/29 16:50:53.806] - eth_getTransactionCount
[2025/05/29 16:50:53.808] - eth_getBalance
[2025/05/29 16:50:53.811] - eth_getTransactionCount
[2025/05/29 16:50:53.813] - eth_getBalance
[2025/05/29 16:50:53.824] - eth_getTransactionCount
[2025/05/29 16:50:53.826] - eth_getBalance
[2025/05/29 16:50:53.828] - eth_getTransactionCount
[2025/05/29 16:50:53.830] - eth_getBalance
[2025/05/29 16:50:53.834] - eth_getTransactionCount
[2025/05/29 16:50:53.838] - eth_getBalance
[2025/05/29 16:50:53.841] - eth_getTransactionCount
[2025/05/29 16:50:53.843] - eth_getBalance
[2025/05/29 16:50:53.846] - eth_getTransactionCount
[2025/05/29 16:50:53.849] - eth_getBalance
[2025/05/29 16:50:53.852] - eth_getTransactionCount
[2025/05/29 16:50:53.854] - eth_getBalance
[2025/05/29 16:50:53.857] - eth_getTransactionCount
[2025/05/29 16:50:53.859] - eth_getBalance
[2025/05/29 16:50:53.861] - eth_getTransactionCount
[2025/05/29 16:50:53.944] - eth_getBalance
[2025/05/29 16:50:53.952] - eth_getTransactionCount
[2025/05/29 16:50:53.959] - eth_getBalance
[2025/05/29 16:50:53.964] - eth_getTransactionCount
[2025/05/29 16:50:53.967] - eth_getBalance
[2025/05/29 16:50:53.972] - eth_getTransactionCount
[2025/05/29 16:50:53.975] - eth_getBalance
[2025/05/29 16:50:53.978] - eth_getTransactionCount
[2025/05/29 16:50:53.981] - eth_getBalance
[2025/05/29 16:50:53.983] - eth_getTransactionCount
[2025/05/29 16:50:53.986] - eth_getBalance
[2025/05/29 16:50:54.025] - eth_getTransactionCount
[2025/05/29 16:50:54.027] - eth_getBalance
[2025/05/29 16:50:54.029] - eth_getTransactionCount
[2025/05/29 16:50:54.030] - eth_getBalance
[2025/05/29 16:50:54.031] - eth_getTransactionCount
[2025/05/29 16:50:54.032] - eth_getBalance
[2025/05/29 16:50:54.033] - eth_getTransactionCount
[2025/05/29 16:50:54.034] - eth_getBalance
[2025/05/29 16:50:54.035] - eth_getTransactionCount
[2025/05/29 16:52:16.798] - eth_blockNumber
[2025/05/29 16:52:16.879] - net_version
[2025/05/29 16:52:16.883] - eth_accounts
[2025/05/29 16:52:16.898] - eth_getBlockByNumber
[2025/05/29 16:52:16.905] - eth_accounts
[2025/05/29 16:52:16.957] - net_version
[2025/05/29 16:52:16.962] - eth_getBlockByNumber
[2025/05/29 16:52:16.966] - eth_getBlockByNumber
[2025/05/29 16:52:16.972] - net_version
[2025/05/29 16:52:16.977] - eth_getBlockByNumber
[2025/05/29 16:52:16.984] - eth_estimateGas
[2025/05/29 16:52:17.200] - net_version
[2025/05/29 16:52:17.201] - eth_blockNumber
[2025/05/29 16:52:17.202] - eth_getBlockByNumber
[2025/05/29 16:52:17.206] - eth_sendTransaction
[2025/05/29 16:52:17.290] - 
  Transaction: 0xcbd3e5d3755cdf0759c807d9257a5643505cf4fec82212e0f26b5cdb347a9fc5
  Contract created: 0x90cd6e5ad9afaf4f5a2eb23403206c6ec40f0a69
  Gas usage: 168443
  Block number: 19
  Block time: Thu May 29 2025 16:52:17 GMT+0530 (India Standard Time)

[2025/05/29 16:52:17.298] - eth_getTransactionReceipt
[2025/05/29 16:52:17.300] - eth_getBlockByNumber
[2025/05/29 16:52:17.306] - eth_getCode
[2025/05/29 16:52:17.314] - eth_getTransactionByHash
[2025/05/29 16:52:17.318] - eth_getBlockByNumber
[2025/05/29 16:52:17.322] - eth_getBalance
[2025/05/29 16:52:17.326] - eth_getBalance
[2025/05/29 16:52:17.331] - eth_getBlockByNumber
[2025/05/29 16:52:17.338] - eth_getBlockByNumber
[2025/05/29 16:52:17.346] - eth_getTransactionCount
[2025/05/29 16:52:17.351] - eth_sendTransaction
[2025/05/29 16:52:17.380] - eth_getBalance
[2025/05/29 16:52:17.390] - 
  Transaction: 0x5c547517d1db89a4fd075431dda975eedc41693b0dae38c447733ac4ee503a89
  Gas usage: 45680
  Block number: 20
  Block time: Thu May 29 2025 16:52:17 GMT+0530 (India Standard Time)

[2025/05/29 16:52:17.391] - eth_getTransactionCount
[2025/05/29 16:52:17.396] - eth_getBlockByNumber
[2025/05/29 16:52:17.405] - eth_getBalance
[2025/05/29 16:52:17.412] - eth_getTransactionCount
[2025/05/29 16:52:17.422] - eth_getTransactionReceipt
[2025/05/29 16:52:17.428] - eth_getBalance
[2025/05/29 16:52:17.436] - eth_getTransactionCount
[2025/05/29 16:52:17.448] - eth_getBalance
[2025/05/29 16:52:17.462] - eth_getTransactionCount
[2025/05/29 16:52:17.474] - eth_getBalance
[2025/05/29 16:52:17.483] - net_version
[2025/05/29 16:52:17.486] - eth_getBlockByNumber
[2025/05/29 16:52:17.493] - eth_getTransactionCount
[2025/05/29 16:52:17.500] - eth_getBalance
[2025/05/29 16:52:17.506] - eth_getTransactionCount
[2025/05/29 16:52:17.513] - eth_getBalance
[2025/05/29 16:52:17.519] - eth_getTransactionCount
[2025/05/29 16:52:17.524] - eth_getBalance
[2025/05/29 16:52:17.530] - eth_getTransactionCount
[2025/05/29 16:52:17.538] - eth_getBalance
[2025/05/29 16:52:17.545] - eth_getTransactionCount
[2025/05/29 16:52:17.553] - eth_getBlockByNumber
[2025/05/29 16:52:17.557] - eth_getTransactionByHash
[2025/05/29 16:52:17.575] - eth_getBlockByNumber
[2025/05/29 16:52:17.587] - eth_getBlockByNumber
[2025/05/29 16:52:17.588] - eth_getBalance
[2025/05/29 16:52:17.593] - eth_getBalance
[2025/05/29 16:52:17.598] - eth_getTransactionCount
[2025/05/29 16:52:17.604] - eth_getBalance
[2025/05/29 16:52:17.609] - eth_getTransactionCount
[2025/05/29 16:52:17.616] - eth_getBalance
[2025/05/29 16:52:17.621] - eth_getTransactionCount
[2025/05/29 16:52:17.626] - eth_getBlockByNumber
[2025/05/29 16:52:17.628] - eth_getBalance
[2025/05/29 16:52:17.632] - eth_getTransactionCount
[2025/05/29 16:52:17.642] - eth_getBalance
[2025/05/29 16:52:17.649] - eth_getTransactionCount
[2025/05/29 16:52:17.657] - eth_getBalance
[2025/05/29 16:52:17.665] - eth_getTransactionCount
[2025/05/29 16:52:17.667] - eth_getBlockByNumber
[2025/05/29 16:52:17.671] - eth_accounts
[2025/05/29 16:52:17.674] - eth_getBalance
[2025/05/29 16:52:17.681] - eth_getTransactionCount
[2025/05/29 16:52:17.689] - eth_getBalance
[2025/05/29 16:52:17.697] - eth_getTransactionCount
[2025/05/29 16:52:17.707] - net_version
[2025/05/29 16:52:17.708] - eth_getBalance
[2025/05/29 16:52:17.710] - eth_getBlockByNumber
[2025/05/29 16:52:17.713] - eth_getBlockByNumber
[2025/05/29 16:52:17.715] - eth_getTransactionCount
[2025/05/29 16:52:17.717] - net_version
[2025/05/29 16:52:17.720] - eth_getBlockByNumber
[2025/05/29 16:52:17.724] - eth_estimateGas
[2025/05/29 16:52:17.748] - net_version
[2025/05/29 16:52:17.748] - eth_blockNumber
[2025/05/29 16:52:17.750] - eth_getBlockByNumber
[2025/05/29 16:52:17.753] - eth_sendTransaction
[2025/05/29 16:52:17.781] - 
  Transaction: 0x596fb9ae53f7dcd57f2ac2fe4d6983ba9ef970bd1d9a9e505a717c08da838e2f
  Contract created: 0x5f6290d3b5de6a7f752e9feedcf86e071127e0ff
  Gas usage: 955558
  Block number: 21
  Block time: Thu May 29 2025 16:52:17 GMT+0530 (India Standard Time)

[2025/05/29 16:52:17.786] - eth_getBlockByNumber
[2025/05/29 16:52:17.787] - eth_getTransactionReceipt
[2025/05/29 16:52:17.792] - eth_getCode
[2025/05/29 16:52:17.797] - eth_getTransactionByHash
[2025/05/29 16:52:17.802] - eth_getBlockByNumber
[2025/05/29 16:52:17.806] - eth_getBalance
[2025/05/29 16:52:17.818] - eth_getBlockByNumber
[2025/05/29 16:52:17.824] - eth_getBlockByNumber
[2025/05/29 16:52:17.829] - eth_sendTransaction
[2025/05/29 16:52:17.859] - 
  Transaction: 0x9ac92166ad2f662dd3da4b93312c87aae0e67f557d19fa37279426cedbc0e91c
  Gas usage: 28580
  Block number: 22
  Block time: Thu May 29 2025 16:52:17 GMT+0530 (India Standard Time)

[2025/05/29 16:52:17.862] - eth_getBlockByNumber
[2025/05/29 16:52:17.863] - eth_getTransactionReceipt
[2025/05/29 16:52:17.913] - net_version
[2025/05/29 16:52:17.916] - eth_getBlockByNumber
[2025/05/29 16:52:17.956] - eth_getBlockByNumber
[2025/05/29 16:52:17.973] - eth_getBlockByNumber
[2025/05/29 16:52:17.976] - eth_getTransactionByHash
[2025/05/29 16:52:17.977] - eth_getTransactionByHash
[2025/05/29 16:52:17.979] - eth_getBalance
[2025/05/29 16:52:17.985] - eth_getTransactionCount
[2025/05/29 16:52:17.991] - eth_getBalance
[2025/05/29 16:52:17.996] - eth_getBlockByNumber
[2025/05/29 16:52:18.001] - eth_getTransactionCount
[2025/05/29 16:52:18.006] - eth_getBalance
[2025/05/29 16:52:18.008] - eth_getBlockByNumber
[2025/05/29 16:52:18.012] - eth_getTransactionCount
[2025/05/29 16:52:18.022] - eth_getBalance
[2025/05/29 16:52:18.031] - eth_getTransactionCount
[2025/05/29 16:52:18.039] - eth_getBalance
[2025/05/29 16:52:18.045] - eth_getTransactionCount
[2025/05/29 16:52:18.052] - eth_getBalance
[2025/05/29 16:52:18.055] - eth_getBlockByNumber
[2025/05/29 16:52:18.061] - eth_getBalance
[2025/05/29 16:52:18.067] - eth_getTransactionCount
[2025/05/29 16:52:18.073] - eth_getBalance
[2025/05/29 16:52:18.078] - eth_getTransactionCount
[2025/05/29 16:52:18.086] - eth_getBalance
[2025/05/29 16:52:18.091] - eth_getTransactionCount
[2025/05/29 16:52:18.097] - eth_getBalance
[2025/05/29 16:52:18.102] - eth_getTransactionCount
[2025/05/29 16:52:18.109] - eth_getBalance
[2025/05/29 16:52:18.115] - eth_getTransactionCount
[2025/05/29 16:52:18.120] - eth_getBalance
[2025/05/29 16:52:18.129] - eth_getTransactionCount
[2025/05/29 16:52:18.199] - eth_getBalance
[2025/05/29 16:52:18.211] - eth_getTransactionCount
[2025/05/29 16:52:18.219] - eth_getBalance
[2025/05/29 16:52:18.227] - eth_getTransactionCount
[2025/05/29 16:52:18.239] - eth_getBalance
[2025/05/29 16:52:18.247] - eth_getTransactionCount
[2025/05/29 16:52:18.256] - eth_getBalance
[2025/05/29 16:52:18.267] - eth_getBalance
[2025/05/29 16:52:18.281] - eth_getTransactionCount
[2025/05/29 16:52:18.297] - eth_getBalance
[2025/05/29 16:52:18.308] - eth_getTransactionCount
[2025/05/29 16:52:18.320] - eth_getBalance
[2025/05/29 16:52:18.330] - eth_getTransactionCount
[2025/05/29 16:52:18.343] - eth_getBalance
[2025/05/29 16:52:18.358] - eth_getTransactionCount
[2025/05/29 16:52:19.345] - eth_getBalance
[2025/05/29 16:52:19.357] - eth_getTransactionCount
[2025/05/29 16:52:19.364] - eth_getBalance
[2025/05/29 16:52:19.373] - eth_getTransactionCount
[2025/05/29 16:52:19.388] - eth_getBalance
[2025/05/29 16:52:19.396] - eth_getTransactionCount
[2025/05/29 16:52:19.407] - eth_getBalance
[2025/05/29 16:52:19.416] - eth_getTransactionCount
[2025/05/29 16:52:19.431] - eth_getBalance
[2025/05/29 16:52:19.438] - eth_getTransactionCount
[2025/05/29 16:52:19.446] - eth_getBalance
[2025/05/29 16:52:19.457] - eth_getTransactionCount
[2025/05/29 16:52:19.467] - eth_getBalance
[2025/05/29 16:52:19.499] - eth_getTransactionCount
[2025/05/29 16:52:19.527] - eth_getBalance
[2025/05/29 16:52:19.536] - eth_getTransactionCount
[2025/05/29 16:52:19.548] - eth_getBalance
[2025/05/29 16:52:19.560] - eth_getTransactionCount
[2025/05/29 16:52:19.570] - eth_getBalance
[2025/05/29 16:52:19.583] - eth_getTransactionCount
[2025/05/29 16:52:19.646] - eth_getTransactionCount
[2025/05/29 16:52:19.657] - eth_getBalance
[2025/05/29 16:52:19.667] - eth_getTransactionCount
[2025/05/29 16:52:19.680] - eth_getBalance
[2025/05/29 16:52:19.687] - eth_getTransactionCount
[2025/05/29 16:52:19.696] - eth_getBalance
[2025/05/29 16:52:19.704] - eth_getTransactionCount
[2025/05/29 16:52:19.713] - eth_getBalance
[2025/05/29 16:52:19.722] - eth_getTransactionCount
[2025/05/29 16:52:19.730] - eth_getBalance
[2025/05/29 16:52:19.737] - eth_getTransactionCount
[2025/05/29 16:52:19.747] - eth_getBalance
[2025/05/29 16:52:19.754] - eth_getTransactionCount
[2025/05/29 16:52:19.767] - eth_getBalance
[2025/05/29 16:52:19.776] - eth_getTransactionCount
[2025/05/29 16:52:19.785] - eth_getBalance
[2025/05/29 16:52:19.792] - eth_getTransactionCount
[2025/05/29 16:52:28.326] - eth_unsubscribe
[2025/05/29 16:52:28.327] - eth_unsubscribe
