[2025/05/29 16:56:00.011] - Starting server with initial configuration: {"gasLimit":6721975,"gasPrice":20000000000,"hardfork":"merge","hostname":"127.0.0.1","port":7545,"network_id":5777,"default_balance_ether":1000,"total_accounts":10,"unlocked_accounts":[],"locked":false,"vmErrorsOnRPCResponse":true,"verbose":false,"flavor":"ethereum","db_path":"C:\\Users\\Mouhsen\\AppData\\Roaming\\Ganache\\ui\\workspaces\\fake-product-project\\chaindata","mnemonic":"biology vote peanut rabbit render motor shrug film focus make feed decrease","logDirectory":"H:\\mouhsen\\F\\VS-Code\\Fake Product\\Project\\Blockchain Proj\\project-files\\project source code\\backend\\blockchain\\logs"}
[2025/05/29 16:56:00.341] - eth_getCode
[2025/05/29 16:56:00.345] - eth_subscribe
[2025/05/29 16:56:00.347] - eth_getLogs
[2025/05/29 16:56:00.349] - eth_subscribe
[2025/05/29 16:56:00.414] - eth_getCode
[2025/05/29 16:56:00.416] - eth_getCode
[2025/05/29 16:56:00.418] - eth_subscribe
[2025/05/29 16:56:00.420] - eth_getLogs
[2025/05/29 16:56:00.422] - eth_subscribe
[2025/05/29 16:56:00.481] - eth_getCode
[2025/05/29 16:56:00.674] - eth_blockNumber
[2025/05/29 16:56:00.675] - eth_accounts
[2025/05/29 16:56:00.676] - eth_gasPrice
[2025/05/29 16:56:00.677] - eth_getBlockByNumber
[2025/05/29 16:56:00.678] - eth_subscribe
[2025/05/29 16:56:00.682] - eth_blockNumber
[2025/05/29 16:56:00.683] - eth_accounts
[2025/05/29 16:56:00.684] - eth_gasPrice
[2025/05/29 16:56:00.687] - eth_getBlockByNumber
[2025/05/29 16:56:00.688] - eth_subscribe
[2025/05/29 16:56:00.818] - eth_getBalance
[2025/05/29 16:56:00.830] - eth_getTransactionCount
[2025/05/29 16:56:00.848] - eth_getBalance
[2025/05/29 16:56:00.861] - eth_getTransactionCount
[2025/05/29 16:56:00.873] - eth_getBalance
[2025/05/29 16:56:00.883] - eth_getTransactionCount
[2025/05/29 16:56:00.892] - eth_getBalance
[2025/05/29 16:56:00.901] - eth_getTransactionCount
[2025/05/29 16:56:00.910] - eth_getBalance
[2025/05/29 16:56:00.920] - eth_getTransactionCount
[2025/05/29 16:56:00.927] - eth_getBalance
[2025/05/29 16:56:00.936] - eth_getTransactionCount
[2025/05/29 16:56:00.946] - eth_getBalance
[2025/05/29 16:56:00.953] - eth_getTransactionCount
[2025/05/29 16:56:00.962] - eth_getBalance
[2025/05/29 16:56:00.972] - eth_getTransactionCount
[2025/05/29 16:56:00.980] - eth_getBalance
[2025/05/29 16:56:00.988] - eth_getTransactionCount
[2025/05/29 16:56:00.997] - eth_getBalance
[2025/05/29 16:56:01.003] - eth_getTransactionCount
[2025/05/29 16:56:01.011] - eth_getBalance
[2025/05/29 16:56:01.020] - eth_getTransactionCount
[2025/05/29 16:56:01.028] - eth_getBalance
[2025/05/29 16:56:01.039] - eth_getTransactionCount
[2025/05/29 16:56:01.046] - eth_getBalance
[2025/05/29 16:56:01.705] - eth_getTransactionCount
[2025/05/29 16:56:01.706] - eth_getBalance
[2025/05/29 16:56:01.706] - eth_getTransactionCount
[2025/05/29 16:56:01.707] - eth_getBalance
[2025/05/29 16:56:01.708] - eth_getTransactionCount
[2025/05/29 16:56:01.709] - eth_getBalance
[2025/05/29 16:56:01.709] - eth_getTransactionCount
[2025/05/29 16:56:01.710] - eth_getBalance
[2025/05/29 16:56:01.711] - eth_getTransactionCount
[2025/05/29 16:56:01.712] - eth_getBalance
[2025/05/29 16:56:01.713] - eth_getTransactionCount
[2025/05/29 16:56:01.714] - eth_getBalance
[2025/05/29 16:56:01.715] - eth_getTransactionCount
[2025/05/29 16:56:01.716] - eth_getBalance
[2025/05/29 16:56:01.717] - eth_getTransactionCount
[2025/05/29 16:56:01.718] - eth_getBalance
[2025/05/29 16:56:01.718] - eth_getTransactionCount
[2025/05/29 16:56:01.719] - eth_getBalance
[2025/05/29 16:56:01.720] - eth_getTransactionCount
[2025/05/29 16:56:01.721] - eth_getBalance
[2025/05/29 16:56:01.722] - eth_getTransactionCount
[2025/05/29 16:56:01.722] - eth_getBalance
[2025/05/29 16:56:01.723] - eth_getTransactionCount
[2025/05/29 16:56:01.723] - eth_getBalance
[2025/05/29 16:56:01.724] - eth_getTransactionCount
[2025/05/29 16:56:01.725] - eth_getBalance
[2025/05/29 16:56:01.725] - eth_getTransactionCount
[2025/05/29 16:56:01.726] - eth_getBalance
[2025/05/29 16:56:01.727] - eth_getTransactionCount
[2025/05/29 16:56:01.727] - eth_getBalance
[2025/05/29 16:56:01.728] - eth_getTransactionCount
[2025/05/29 16:56:01.729] - eth_getBalance
[2025/05/29 16:56:01.730] - eth_getTransactionCount
[2025/05/29 16:56:01.731] - eth_getBalance
[2025/05/29 16:56:01.732] - eth_getTransactionCount
[2025/05/29 16:56:01.733] - eth_getBalance
[2025/05/29 16:56:01.734] - eth_getTransactionCount
[2025/05/29 16:56:01.735] - eth_getBalance
[2025/05/29 16:56:01.736] - eth_getTransactionCount
[2025/05/29 16:56:01.736] - eth_getBalance
[2025/05/29 16:56:01.737] - eth_getTransactionCount
[2025/05/29 16:56:01.738] - eth_getBalance
[2025/05/29 16:56:01.740] - eth_getTransactionCount
[2025/05/29 16:56:01.741] - eth_getBalance
[2025/05/29 16:56:01.743] - eth_getTransactionCount
[2025/05/29 16:56:01.744] - eth_getBalance
[2025/05/29 16:56:01.745] - eth_getTransactionCount
[2025/05/29 16:56:01.746] - eth_getBalance
[2025/05/29 16:56:01.747] - eth_getTransactionCount
[2025/05/29 16:56:01.749] - eth_getBalance
[2025/05/29 16:56:01.753] - eth_getTransactionCount
[2025/05/29 16:56:01.754] - eth_getBalance
[2025/05/29 16:56:01.755] - eth_getTransactionCount
[2025/05/29 16:56:01.755] - eth_getBalance
[2025/05/29 16:56:01.756] - eth_getTransactionCount
[2025/05/29 16:56:11.133] - eth_unsubscribe
[2025/05/29 16:56:11.136] - eth_unsubscribe
