[2025/05/31 08:41:17.185] - Starting server with initial configuration: {"gasLimit":6721975,"gasPrice":20000000000,"hardfork":"merge","hostname":"127.0.0.1","port":7545,"network_id":5777,"default_balance_ether":1000,"total_accounts":10,"unlocked_accounts":[],"locked":false,"vmErrorsOnRPCResponse":true,"verbose":false,"flavor":"ethereum","db_path":"C:\\Users\\Mouhsen\\AppData\\Roaming\\Ganache\\ui\\workspaces\\fake-product-project\\chaindata","mnemonic":"biology vote peanut rabbit render motor shrug film focus make feed decrease","logDirectory":"H:\\mouhsen\\F\\VS-Code\\Fake Product\\Project\\Blockchain Proj\\project-files\\project source code\\backend\\blockchain\\logs"}
[2025/05/31 08:41:17.640] - eth_subscribe
[2025/05/31 08:41:17.647] - eth_getLogs
[2025/05/31 08:41:17.650] - eth_subscribe
[2025/05/31 08:41:17.652] - eth_getCode
[2025/05/31 08:41:17.712] - eth_getCode
[2025/05/31 08:41:17.814] - eth_getCode
[2025/05/31 08:41:17.816] - eth_subscribe
[2025/05/31 08:41:17.818] - eth_getLogs
[2025/05/31 08:41:17.820] - eth_subscribe
[2025/05/31 08:41:17.856] - eth_getCode
[2025/05/31 08:41:18.598] - eth_blockNumber
[2025/05/31 08:41:18.602] - eth_accounts
[2025/05/31 08:41:18.606] - eth_gasPrice
[2025/05/31 08:41:18.609] - eth_getBlockByNumber
[2025/05/31 08:41:18.612] - eth_subscribe
[2025/05/31 08:41:18.623] - eth_blockNumber
[2025/05/31 08:41:18.626] - eth_accounts
[2025/05/31 08:41:18.628] - eth_gasPrice
[2025/05/31 08:41:18.631] - eth_getBlockByNumber
[2025/05/31 08:41:18.634] - eth_subscribe
[2025/05/31 08:41:18.686] - eth_accounts
[2025/05/31 08:41:18.864] - eth_getBalance
[2025/05/31 08:41:18.878] - eth_getTransactionCount
[2025/05/31 08:41:18.890] - eth_getBalance
[2025/05/31 08:41:18.905] - eth_getTransactionCount
[2025/05/31 08:41:18.918] - eth_getBalance
[2025/05/31 08:41:18.934] - eth_getTransactionCount
[2025/05/31 08:41:18.955] - eth_getBalance
[2025/05/31 08:41:18.970] - eth_getTransactionCount
[2025/05/31 08:41:18.991] - eth_getBalance
[2025/05/31 08:41:19.005] - eth_getTransactionCount
[2025/05/31 08:41:19.019] - eth_getBalance
[2025/05/31 08:41:19.050] - eth_getTransactionCount
[2025/05/31 08:41:19.081] - eth_getBalance
[2025/05/31 08:41:19.100] - eth_getTransactionCount
[2025/05/31 08:41:19.115] - eth_getBalance
[2025/05/31 08:41:19.135] - eth_getTransactionCount
[2025/05/31 08:41:19.152] - eth_getBalance
[2025/05/31 08:41:19.166] - eth_getTransactionCount
[2025/05/31 08:41:19.177] - eth_getBalance
[2025/05/31 08:41:19.191] - eth_getTransactionCount
[2025/05/31 08:41:19.224] - eth_getBalance
[2025/05/31 08:41:19.243] - eth_getTransactionCount
[2025/05/31 08:41:19.255] - eth_getBalance
[2025/05/31 08:41:19.269] - eth_getTransactionCount
[2025/05/31 08:41:19.283] - eth_getBalance
[2025/05/31 08:41:19.299] - eth_getTransactionCount
[2025/05/31 08:41:19.311] - eth_getBalance
[2025/05/31 08:41:19.328] - eth_getTransactionCount
[2025/05/31 08:41:19.345] - eth_getBalance
[2025/05/31 08:41:19.357] - eth_getTransactionCount
[2025/05/31 08:41:19.370] - eth_getBalance
[2025/05/31 08:41:19.380] - eth_getTransactionCount
[2025/05/31 08:41:19.393] - eth_getBalance
[2025/05/31 08:41:19.409] - eth_getTransactionCount
[2025/05/31 08:41:19.426] - eth_getBalance
[2025/05/31 08:41:19.442] - eth_getTransactionCount
[2025/05/31 08:41:19.458] - eth_getBalance
[2025/05/31 08:41:19.469] - eth_getTransactionCount
[2025/05/31 08:41:19.483] - eth_getBalance
[2025/05/31 08:41:19.494] - eth_getTransactionCount
[2025/05/31 08:41:19.509] - eth_getBalance
[2025/05/31 08:41:19.520] - eth_getTransactionCount
[2025/05/31 08:41:19.531] - eth_getBalance
[2025/05/31 08:41:19.542] - eth_getTransactionCount
[2025/05/31 08:41:19.561] - eth_getBalance
[2025/05/31 08:41:19.573] - eth_getTransactionCount
[2025/05/31 08:41:19.585] - eth_getBalance
[2025/05/31 08:41:19.595] - eth_getTransactionCount
[2025/05/31 08:41:19.610] - eth_getBalance
[2025/05/31 08:41:19.626] - eth_getTransactionCount
[2025/05/31 08:41:19.644] - eth_getBalance
[2025/05/31 08:41:19.657] - eth_getTransactionCount
[2025/05/31 08:41:19.676] - eth_getBalance
[2025/05/31 08:41:19.689] - eth_getTransactionCount
[2025/05/31 08:41:19.700] - eth_getBalance
[2025/05/31 08:41:19.712] - eth_getTransactionCount
[2025/05/31 08:41:19.723] - eth_getBalance
[2025/05/31 08:41:19.739] - eth_getTransactionCount
[2025/05/31 08:41:19.752] - eth_getBalance
[2025/05/31 08:41:19.768] - eth_getTransactionCount
[2025/05/31 08:41:19.873] - eth_getBalance
[2025/05/31 08:41:20.118] - eth_getTransactionCount
[2025/05/31 08:41:20.120] - eth_getBalance
[2025/05/31 08:41:20.121] - eth_getTransactionCount
[2025/05/31 08:41:20.123] - eth_getBalance
[2025/05/31 08:41:20.124] - eth_getTransactionCount
[2025/05/31 08:41:20.126] - eth_getBalance
[2025/05/31 08:41:20.127] - eth_getTransactionCount
[2025/05/31 08:41:20.130] - eth_getBalance
[2025/05/31 08:41:20.132] - eth_getTransactionCount
[2025/05/31 08:41:20.133] - eth_getBalance
[2025/05/31 08:41:20.135] - eth_getTransactionCount
[2025/05/31 08:41:20.136] - eth_getBalance
[2025/05/31 08:41:20.138] - eth_getTransactionCount
[2025/05/31 08:41:20.139] - eth_getBalance
[2025/05/31 08:41:20.141] - eth_getTransactionCount
[2025/05/31 08:41:20.142] - eth_getBalance
[2025/05/31 08:41:20.143] - eth_getTransactionCount
[2025/05/31 08:41:20.145] - eth_getBalance
[2025/05/31 08:41:20.146] - eth_getTransactionCount
[2025/05/31 08:43:28.867] - eth_chainId
[2025/05/31 08:43:28.868] - eth_accounts
[2025/05/31 08:43:28.933] - eth_accounts
[2025/05/31 08:43:28.934] - eth_chainId
[2025/05/31 08:45:47.337] - eth_blockNumber
[2025/05/31 08:45:47.364] - eth_sendTransaction
[2025/05/31 08:45:48.183] - 
  Transaction: 0x3bbe2fd2005d4824bed5823f0984b5b745d07cbe122a1990ecb1fa4196360331
  Gas usage: 500000
  Block number: 24
  Block time: Sat May 31 2025 08:45:47 GMT+0530 (India Standard Time)
  Runtime error: out of gas

[2025/05/31 08:45:48.200] - eth_getBlockByNumber
[2025/05/31 08:45:48.291] - eth_getBalance
[2025/05/31 08:45:48.311] - eth_getTransactionCount
[2025/05/31 08:45:48.338] - eth_getBalance
[2025/05/31 08:45:48.355] - eth_getTransactionCount
[2025/05/31 08:45:48.373] - eth_getBalance
[2025/05/31 08:45:48.394] - eth_getTransactionCount
[2025/05/31 08:45:48.411] - eth_getBalance
[2025/05/31 08:45:48.429] - eth_getTransactionCount
[2025/05/31 08:45:48.456] - eth_getBalance
[2025/05/31 08:45:48.473] - eth_getTransactionCount
[2025/05/31 08:45:48.490] - eth_getBalance
[2025/05/31 08:45:48.506] - eth_getTransactionCount
[2025/05/31 08:45:48.521] - eth_getBalance
[2025/05/31 08:45:48.549] - eth_getTransactionCount
[2025/05/31 08:45:48.576] - eth_getBalance
[2025/05/31 08:45:48.606] - eth_getTransactionCount
[2025/05/31 08:45:48.642] - eth_getBalance
[2025/05/31 08:45:48.665] - eth_getTransactionCount
[2025/05/31 08:45:48.685] - eth_getBalance
[2025/05/31 08:45:48.706] - eth_getTransactionCount
[2025/05/31 08:45:58.403] - eth_unsubscribe
[2025/05/31 08:45:58.408] - eth_unsubscribe
