[2025/05/31 08:45:59.128] - Starting server with initial configuration: {"gasLimit":6721975,"gasPrice":20000000000,"hardfork":"merge","hostname":"127.0.0.1","port":7545,"network_id":5777,"default_balance_ether":1000,"total_accounts":10,"unlocked_accounts":[],"locked":false,"vmErrorsOnRPCResponse":true,"verbose":false,"flavor":"ethereum","db_path":"C:\\Users\\Mouhsen\\AppData\\Roaming\\Ganache\\ui\\workspaces\\fake-product-project\\chaindata","mnemonic":"biology vote peanut rabbit render motor shrug film focus make feed decrease","logDirectory":"H:\\mouhsen\\F\\VS-Code\\Fake Product\\Project\\Blockchain Proj\\project-files\\project source code\\backend\\blockchain\\logs"}
[2025/05/31 08:45:59.612] - eth_getCode
[2025/05/31 08:45:59.618] - eth_subscribe
[2025/05/31 08:45:59.624] - eth_getLogs
[2025/05/31 08:45:59.629] - eth_subscribe
[2025/05/31 08:45:59.709] - eth_getCode
[2025/05/31 08:45:59.829] - eth_getCode
[2025/05/31 08:45:59.831] - eth_subscribe
[2025/05/31 08:45:59.832] - eth_getLogs
[2025/05/31 08:45:59.834] - eth_subscribe
[2025/05/31 08:45:59.850] - eth_getCode
[2025/05/31 08:46:00.023] - eth_blockNumber
[2025/05/31 08:46:00.026] - eth_accounts
[2025/05/31 08:46:00.028] - eth_gasPrice
[2025/05/31 08:46:00.030] - eth_getBlockByNumber
[2025/05/31 08:46:00.032] - eth_subscribe
[2025/05/31 08:46:00.037] - eth_blockNumber
[2025/05/31 08:46:00.039] - eth_accounts
[2025/05/31 08:46:00.041] - eth_gasPrice
[2025/05/31 08:46:00.043] - eth_getBlockByNumber
[2025/05/31 08:46:00.045] - eth_subscribe
[2025/05/31 08:46:00.078] - eth_accounts
[2025/05/31 08:46:00.202] - eth_getBalance
[2025/05/31 08:46:00.219] - eth_getTransactionCount
[2025/05/31 08:46:00.228] - eth_getBalance
[2025/05/31 08:46:00.235] - eth_getTransactionCount
[2025/05/31 08:46:00.245] - eth_getBalance
[2025/05/31 08:46:00.252] - eth_getTransactionCount
[2025/05/31 08:46:00.259] - eth_getBalance
[2025/05/31 08:46:00.266] - eth_getTransactionCount
[2025/05/31 08:46:00.279] - eth_getBalance
[2025/05/31 08:46:00.288] - eth_getTransactionCount
[2025/05/31 08:46:00.297] - eth_getBalance
[2025/05/31 08:46:00.306] - eth_getTransactionCount
[2025/05/31 08:46:00.332] - eth_getBalance
[2025/05/31 08:46:00.342] - eth_getTransactionCount
[2025/05/31 08:46:00.354] - eth_getBalance
[2025/05/31 08:46:00.373] - eth_getTransactionCount
[2025/05/31 08:46:00.395] - eth_getBalance
[2025/05/31 08:46:00.409] - eth_getTransactionCount
[2025/05/31 08:46:00.421] - eth_getBalance
[2025/05/31 08:46:00.435] - eth_getTransactionCount
[2025/05/31 08:46:00.476] - eth_getBalance
[2025/05/31 08:46:00.497] - eth_getTransactionCount
[2025/05/31 08:46:00.508] - eth_getBalance
[2025/05/31 08:46:00.520] - eth_getTransactionCount
[2025/05/31 08:46:00.539] - eth_getBalance
[2025/05/31 08:46:00.555] - eth_getTransactionCount
[2025/05/31 08:46:00.572] - eth_getBalance
[2025/05/31 08:46:00.587] - eth_getTransactionCount
[2025/05/31 08:46:00.605] - eth_getBalance
[2025/05/31 08:46:00.630] - eth_getTransactionCount
[2025/05/31 08:46:00.650] - eth_getBalance
[2025/05/31 08:46:00.705] - eth_getTransactionCount
[2025/05/31 08:46:00.748] - eth_getBalance
[2025/05/31 08:46:00.758] - eth_getTransactionCount
[2025/05/31 08:46:00.777] - eth_getBalance
[2025/05/31 08:46:00.801] - eth_getTransactionCount
[2025/05/31 08:46:00.826] - eth_getBalance
[2025/05/31 08:46:00.835] - eth_getTransactionCount
[2025/05/31 08:46:00.844] - eth_getBalance
[2025/05/31 08:46:00.859] - eth_getTransactionCount
[2025/05/31 08:46:00.874] - eth_getBalance
[2025/05/31 08:46:00.885] - eth_getTransactionCount
[2025/05/31 08:46:00.895] - eth_getBalance
[2025/05/31 08:46:00.904] - eth_getTransactionCount
[2025/05/31 08:46:00.914] - eth_getBalance
[2025/05/31 08:46:00.925] - eth_getTransactionCount
[2025/05/31 08:46:00.933] - eth_getBalance
[2025/05/31 08:46:00.940] - eth_getTransactionCount
[2025/05/31 08:46:00.947] - eth_getBalance
[2025/05/31 08:46:00.955] - eth_getTransactionCount
[2025/05/31 08:46:00.963] - eth_getBalance
[2025/05/31 08:46:00.969] - eth_getTransactionCount
[2025/05/31 08:46:00.978] - eth_getBalance
[2025/05/31 08:46:00.990] - eth_getTransactionCount
[2025/05/31 08:46:00.997] - eth_getBalance
[2025/05/31 08:46:01.005] - eth_getTransactionCount
[2025/05/31 08:46:01.015] - eth_getBalance
[2025/05/31 08:46:01.027] - eth_getTransactionCount
[2025/05/31 08:46:01.130] - eth_getBalance
[2025/05/31 08:46:01.160] - eth_getTransactionCount
[2025/05/31 08:46:01.359] - eth_getBalance
[2025/05/31 08:46:01.376] - eth_getTransactionCount
[2025/05/31 08:46:01.386] - eth_getBalance
[2025/05/31 08:46:01.394] - eth_getTransactionCount
[2025/05/31 08:46:01.405] - eth_getBalance
[2025/05/31 08:46:01.414] - eth_getTransactionCount
[2025/05/31 08:46:01.422] - eth_getBalance
[2025/05/31 08:46:01.431] - eth_getTransactionCount
[2025/05/31 08:46:01.439] - eth_getBalance
[2025/05/31 08:46:01.448] - eth_getTransactionCount
[2025/05/31 08:46:01.460] - eth_getBalance
[2025/05/31 08:46:01.468] - eth_getTransactionCount
[2025/05/31 08:46:01.476] - eth_getBalance
[2025/05/31 08:46:01.485] - eth_getTransactionCount
[2025/05/31 08:46:01.493] - eth_getBalance
[2025/05/31 08:46:01.501] - eth_getTransactionCount
[2025/05/31 08:46:01.509] - eth_getBalance
[2025/05/31 08:46:01.519] - eth_getTransactionCount
[2025/05/31 08:46:01.534] - eth_getBalance
[2025/05/31 08:46:01.544] - eth_getTransactionCount
[2025/05/31 08:46:15.069] - eth_blockNumber
[2025/05/31 08:46:15.099] - eth_sendTransaction
[2025/05/31 08:46:15.604] - 
  Transaction: 0x78e94f1b67cfad1c5f7349fea82ed428ae905d6e51657c1694fcd67965dbfc97
  Gas usage: 500000
  Block number: 25
  Block time: Sat May 31 2025 08:46:15 GMT+0530 (India Standard Time)
  Runtime error: out of gas

[2025/05/31 08:46:15.613] - eth_getBlockByNumber
[2025/05/31 08:46:15.666] - eth_getBalance
[2025/05/31 08:46:15.680] - eth_getTransactionCount
[2025/05/31 08:46:15.691] - eth_getBalance
[2025/05/31 08:46:15.701] - eth_getTransactionCount
[2025/05/31 08:46:15.719] - eth_getBalance
[2025/05/31 08:46:15.758] - eth_getTransactionCount
[2025/05/31 08:46:15.781] - eth_getBalance
[2025/05/31 08:46:15.802] - eth_getTransactionCount
[2025/05/31 08:46:15.817] - eth_getBalance
[2025/05/31 08:46:15.836] - eth_getTransactionCount
[2025/05/31 08:46:15.852] - eth_getBalance
[2025/05/31 08:46:15.869] - eth_getTransactionCount
[2025/05/31 08:46:15.889] - eth_getBalance
[2025/05/31 08:46:15.902] - eth_getTransactionCount
[2025/05/31 08:46:15.916] - eth_getBalance
[2025/05/31 08:46:15.926] - eth_getTransactionCount
[2025/05/31 08:46:15.938] - eth_getBalance
[2025/05/31 08:46:15.949] - eth_getTransactionCount
[2025/05/31 08:46:15.962] - eth_getBalance
[2025/05/31 08:46:15.972] - eth_getTransactionCount
[2025/05/31 08:46:27.126] - eth_unsubscribe
[2025/05/31 08:46:27.130] - eth_unsubscribe
