[2025/05/30 15:09:30.237] - Starting server with initial configuration: {"gasLimit":6721975,"gasPrice":20000000000,"hardfork":"merge","hostname":"127.0.0.1","port":7545,"network_id":5777,"default_balance_ether":1000,"total_accounts":10,"unlocked_accounts":[],"locked":false,"vmErrorsOnRPCResponse":true,"verbose":false,"flavor":"ethereum","db_path":"C:\\Users\\Mouhsen\\AppData\\Roaming\\Ganache\\ui\\workspaces\\fake-product-project\\chaindata","mnemonic":"biology vote peanut rabbit render motor shrug film focus make feed decrease","logDirectory":"H:\\mouhsen\\F\\VS-Code\\Fake Product\\Project\\Blockchain Proj\\project-files\\project source code\\backend\\blockchain\\logs"}
[2025/05/30 15:09:30.677] - eth_subscribe
[2025/05/30 15:09:30.681] - eth_getLogs
[2025/05/30 15:09:30.683] - eth_subscribe
[2025/05/30 15:09:30.683] - eth_getCode
[2025/05/30 15:09:30.700] - eth_getCode
[2025/05/30 15:09:30.721] - eth_getCode
[2025/05/30 15:09:30.733] - eth_getCode
[2025/05/30 15:09:30.734] - eth_subscribe
[2025/05/30 15:09:30.735] - eth_getLogs
[2025/05/30 15:09:30.735] - eth_subscribe
[2025/05/30 15:09:30.953] - eth_blockNumber
[2025/05/30 15:09:30.953] - eth_accounts
[2025/05/30 15:09:30.954] - eth_gasPrice
[2025/05/30 15:09:30.955] - eth_getBlockByNumber
[2025/05/30 15:09:30.955] - eth_subscribe
[2025/05/30 15:09:30.957] - eth_blockNumber
[2025/05/30 15:09:30.958] - eth_accounts
[2025/05/30 15:09:30.958] - eth_gasPrice
[2025/05/30 15:09:30.959] - eth_getBlockByNumber
[2025/05/30 15:09:30.959] - eth_subscribe
[2025/05/30 15:09:30.971] - eth_accounts
[2025/05/30 15:09:31.021] - eth_getBalance
[2025/05/30 15:09:31.027] - eth_getTransactionCount
[2025/05/30 15:09:31.033] - eth_getBalance
[2025/05/30 15:09:31.038] - eth_getTransactionCount
[2025/05/30 15:09:31.043] - eth_getBalance
[2025/05/30 15:09:31.049] - eth_getTransactionCount
[2025/05/30 15:09:31.053] - eth_getBalance
[2025/05/30 15:09:31.058] - eth_getTransactionCount
[2025/05/30 15:09:31.063] - eth_getBalance
[2025/05/30 15:09:31.069] - eth_getTransactionCount
[2025/05/30 15:09:31.075] - eth_getBalance
[2025/05/30 15:09:31.079] - eth_getTransactionCount
[2025/05/30 15:09:31.083] - eth_getBalance
[2025/05/30 15:09:31.091] - eth_getTransactionCount
[2025/05/30 15:09:31.095] - eth_getBalance
[2025/05/30 15:09:31.099] - eth_getTransactionCount
[2025/05/30 15:09:31.104] - eth_getBalance
[2025/05/30 15:09:31.108] - eth_getTransactionCount
[2025/05/30 15:09:31.113] - eth_getBalance
[2025/05/30 15:09:31.117] - eth_getTransactionCount
[2025/05/30 15:09:31.131] - eth_getBalance
[2025/05/30 15:09:31.138] - eth_getTransactionCount
[2025/05/30 15:09:31.146] - eth_getBalance
[2025/05/30 15:09:31.150] - eth_getTransactionCount
[2025/05/30 15:09:31.154] - eth_getBalance
[2025/05/30 15:09:31.159] - eth_getTransactionCount
[2025/05/30 15:09:31.163] - eth_getBalance
[2025/05/30 15:09:31.167] - eth_getTransactionCount
[2025/05/30 15:09:31.171] - eth_getBalance
[2025/05/30 15:09:31.176] - eth_getTransactionCount
[2025/05/30 15:09:31.180] - eth_getBalance
[2025/05/30 15:09:31.184] - eth_getTransactionCount
[2025/05/30 15:09:31.188] - eth_getBalance
[2025/05/30 15:09:31.192] - eth_getTransactionCount
[2025/05/30 15:09:31.197] - eth_getBalance
[2025/05/30 15:09:31.201] - eth_getTransactionCount
[2025/05/30 15:09:31.205] - eth_getBalance
[2025/05/30 15:09:31.209] - eth_getTransactionCount
[2025/05/30 15:09:31.213] - eth_getBalance
[2025/05/30 15:09:31.217] - eth_getTransactionCount
[2025/05/30 15:09:31.220] - eth_getBalance
[2025/05/30 15:09:31.224] - eth_getTransactionCount
[2025/05/30 15:09:31.228] - eth_getBalance
[2025/05/30 15:09:31.235] - eth_getTransactionCount
[2025/05/30 15:09:31.242] - eth_getBalance
[2025/05/30 15:09:31.247] - eth_getTransactionCount
[2025/05/30 15:09:31.250] - eth_getBalance
[2025/05/30 15:09:31.254] - eth_getTransactionCount
[2025/05/30 15:09:31.258] - eth_getBalance
[2025/05/30 15:09:31.264] - eth_getTransactionCount
[2025/05/30 15:09:31.268] - eth_getBalance
[2025/05/30 15:09:31.272] - eth_getTransactionCount
[2025/05/30 15:09:31.277] - eth_getBalance
[2025/05/30 15:09:31.299] - eth_getTransactionCount
[2025/05/30 15:09:31.300] - eth_getBalance
[2025/05/30 15:09:31.300] - eth_getTransactionCount
[2025/05/30 15:09:31.301] - eth_getBalance
[2025/05/30 15:09:31.301] - eth_getTransactionCount
[2025/05/30 15:09:31.303] - eth_getBalance
[2025/05/30 15:09:31.307] - eth_getTransactionCount
[2025/05/30 15:09:31.384] - eth_getBalance
[2025/05/30 15:09:31.391] - eth_getTransactionCount
[2025/05/30 15:09:31.396] - eth_getBalance
[2025/05/30 15:09:31.403] - eth_getTransactionCount
[2025/05/30 15:09:31.409] - eth_getBalance
[2025/05/30 15:09:31.413] - eth_getTransactionCount
[2025/05/30 15:09:31.417] - eth_getBalance
[2025/05/30 15:09:31.421] - eth_getTransactionCount
[2025/05/30 15:09:31.425] - eth_getBalance
[2025/05/30 15:09:31.430] - eth_getTransactionCount
[2025/05/30 15:09:31.435] - eth_getBalance
[2025/05/30 15:09:31.440] - eth_getTransactionCount
[2025/05/30 15:09:31.444] - eth_getBalance
[2025/05/30 15:09:31.449] - eth_getTransactionCount
[2025/05/30 15:09:31.454] - eth_getBalance
[2025/05/30 15:09:31.458] - eth_getTransactionCount
[2025/05/30 15:09:31.462] - eth_getBalance
[2025/05/30 15:09:31.470] - eth_getTransactionCount
[2025/05/30 15:09:31.477] - eth_getBalance
[2025/05/30 15:09:31.481] - eth_getTransactionCount
[2025/05/30 15:17:21.428] - eth_chainId
[2025/05/30 15:17:21.428] - eth_accounts
[2025/05/30 15:17:21.465] - eth_accounts
[2025/05/30 15:17:21.466] - eth_chainId
[2025/05/30 15:17:45.201] - eth_chainId
[2025/05/30 15:17:45.202] - eth_accounts
[2025/05/30 15:17:45.236] - eth_accounts
[2025/05/30 15:17:45.238] - eth_chainId
[2025/05/30 15:17:45.770] - eth_unsubscribe
[2025/05/30 15:17:45.772] - eth_unsubscribe
