[2025/05/31 08:47:17.270] - Starting server with initial configuration: {"gasLimit":6721975,"gasPrice":20000000000,"hardfork":"merge","hostname":"127.0.0.1","port":7545,"network_id":5777,"default_balance_ether":1000,"total_accounts":10,"unlocked_accounts":[],"locked":false,"vmErrorsOnRPCResponse":true,"verbose":false,"flavor":"ethereum","db_path":"C:\\Users\\Mouhsen\\AppData\\Roaming\\Ganache\\ui\\workspaces\\careful-rule\\chaindata","mnemonic":"key file armed hollow auction economy elephant busy apology buddy kiss argue","logDirectory":"H:\\mouhsen\\F\\VS-Code\\Fake Product\\Project\\Blockchain Proj\\project-files\\project source code\\backend\\blockchain\\logs"}
[2025/05/31 08:47:17.796] - eth_subscribe
[2025/05/31 08:47:17.807] - eth_getLogs
[2025/05/31 08:47:17.814] - eth_subscribe
[2025/05/31 08:47:17.818] - eth_getCode
[2025/05/31 08:47:17.924] - eth_getCode
[2025/05/31 08:47:17.925] - eth_getCode
[2025/05/31 08:47:17.927] - eth_subscribe
[2025/05/31 08:47:17.929] - eth_getLogs
[2025/05/31 08:47:17.930] - eth_subscribe
[2025/05/31 08:47:17.979] - eth_getCode
[2025/05/31 08:47:18.078] - eth_blockNumber
[2025/05/31 08:47:18.080] - eth_accounts
[2025/05/31 08:47:18.082] - eth_gasPrice
[2025/05/31 08:47:18.084] - eth_getBlockByNumber
[2025/05/31 08:47:18.085] - eth_subscribe
[2025/05/31 08:47:18.088] - eth_blockNumber
[2025/05/31 08:47:18.089] - eth_accounts
[2025/05/31 08:47:18.090] - eth_gasPrice
[2025/05/31 08:47:18.091] - eth_getBlockByNumber
[2025/05/31 08:47:18.162] - eth_accounts
[2025/05/31 08:47:18.164] - eth_subscribe
[2025/05/31 08:47:18.358] - eth_getBalance
[2025/05/31 08:47:18.391] - eth_getTransactionCount
[2025/05/31 08:47:18.423] - eth_getBalance
[2025/05/31 08:47:18.467] - eth_getTransactionCount
[2025/05/31 08:47:18.505] - eth_getBalance
[2025/05/31 08:47:18.548] - eth_getTransactionCount
[2025/05/31 08:47:18.585] - eth_getBalance
[2025/05/31 08:47:18.622] - eth_getTransactionCount
[2025/05/31 08:47:18.651] - eth_getBalance
[2025/05/31 08:47:18.681] - eth_getTransactionCount
[2025/05/31 08:47:18.716] - eth_getBalance
[2025/05/31 08:47:18.748] - eth_getTransactionCount
[2025/05/31 08:47:18.786] - eth_getBalance
[2025/05/31 08:47:18.817] - eth_getTransactionCount
[2025/05/31 08:47:18.843] - eth_getBalance
[2025/05/31 08:47:18.872] - eth_getTransactionCount
[2025/05/31 08:47:18.905] - eth_getBalance
[2025/05/31 08:47:18.925] - eth_getTransactionCount
[2025/05/31 08:47:18.938] - eth_getBalance
[2025/05/31 08:47:18.952] - eth_getTransactionCount
[2025/05/31 08:47:18.998] - eth_getBalance
[2025/05/31 08:47:19.009] - eth_getTransactionCount
[2025/05/31 08:47:19.022] - eth_getBalance
[2025/05/31 08:47:19.036] - eth_getTransactionCount
[2025/05/31 08:47:19.054] - eth_getBalance
[2025/05/31 08:47:19.067] - eth_getTransactionCount
[2025/05/31 08:47:19.082] - eth_getBalance
[2025/05/31 08:47:19.094] - eth_getTransactionCount
[2025/05/31 08:47:19.106] - eth_getBalance
[2025/05/31 08:47:19.123] - eth_getTransactionCount
[2025/05/31 08:47:19.144] - eth_getBalance
[2025/05/31 08:47:19.157] - eth_getTransactionCount
[2025/05/31 08:47:19.169] - eth_getBalance
[2025/05/31 08:47:19.186] - eth_getTransactionCount
[2025/05/31 08:47:19.205] - eth_getBalance
[2025/05/31 08:47:19.247] - eth_getTransactionCount
[2025/05/31 08:47:19.285] - eth_getBalance
[2025/05/31 08:47:19.314] - eth_getTransactionCount
[2025/05/31 08:47:19.345] - eth_getBalance
[2025/05/31 08:47:19.357] - eth_getTransactionCount
[2025/05/31 08:47:19.367] - eth_getBalance
[2025/05/31 08:47:19.376] - eth_getTransactionCount
[2025/05/31 08:47:19.387] - eth_getBalance
[2025/05/31 08:47:19.404] - eth_getTransactionCount
[2025/05/31 08:47:19.415] - eth_getBalance
[2025/05/31 08:47:19.430] - eth_getTransactionCount
[2025/05/31 08:47:19.442] - eth_getBalance
[2025/05/31 08:47:19.461] - eth_getTransactionCount
[2025/05/31 08:47:19.481] - eth_getBalance
[2025/05/31 08:47:19.495] - eth_getTransactionCount
[2025/05/31 08:47:19.516] - eth_getBalance
[2025/05/31 08:47:19.528] - eth_getTransactionCount
[2025/05/31 08:47:19.543] - eth_getBalance
[2025/05/31 08:47:19.558] - eth_getTransactionCount
[2025/05/31 08:47:19.580] - eth_getBalance
[2025/05/31 08:47:19.595] - eth_getTransactionCount
[2025/05/31 08:47:19.612] - eth_getBalance
[2025/05/31 08:47:19.674] - eth_getTransactionCount
[2025/05/31 08:47:19.688] - eth_getBalance
[2025/05/31 08:47:19.701] - eth_getTransactionCount
[2025/05/31 08:47:19.931] - eth_getBalance
[2025/05/31 08:47:19.946] - eth_getTransactionCount
[2025/05/31 08:47:19.961] - eth_getBalance
[2025/05/31 08:47:19.982] - eth_getTransactionCount
[2025/05/31 08:47:19.995] - eth_getBalance
[2025/05/31 08:47:20.008] - eth_getTransactionCount
[2025/05/31 08:47:20.022] - eth_getBalance
[2025/05/31 08:47:20.036] - eth_getTransactionCount
[2025/05/31 08:47:20.059] - eth_getBalance
[2025/05/31 08:47:20.082] - eth_getTransactionCount
[2025/05/31 08:47:20.099] - eth_getBalance
[2025/05/31 08:47:20.131] - eth_getTransactionCount
[2025/05/31 08:47:20.146] - eth_getBalance
[2025/05/31 08:47:20.170] - eth_getTransactionCount
[2025/05/31 08:47:20.185] - eth_getBalance
[2025/05/31 08:47:20.201] - eth_getTransactionCount
[2025/05/31 08:47:20.216] - eth_getBalance
[2025/05/31 08:47:20.236] - eth_getTransactionCount
[2025/05/31 08:47:20.253] - eth_getBalance
[2025/05/31 08:47:20.273] - eth_getTransactionCount
[2025/05/31 08:47:27.474] - eth_blockNumber
[2025/05/31 08:47:27.513] - eth_sendTransaction
[2025/05/31 08:47:40.699] - eth_chainId
[2025/05/31 08:47:40.701] - eth_accounts
[2025/05/31 08:47:40.792] - eth_accounts
[2025/05/31 08:47:40.795] - eth_chainId
[2025/05/31 08:47:48.973] - eth_blockNumber
[2025/05/31 08:47:49.000] - eth_sendTransaction
[2025/05/31 08:47:49.136] - 
  Transaction: 0x41688dc42bdb33371f30a833917483887c353086652c8081ae35106ac4052239
  Gas usage: 29044
  Block number: 1
  Block time: Sat May 31 2025 08:47:49 GMT+0530 (India Standard Time)

[2025/05/31 08:47:49.160] - eth_getBlockByNumber
[2025/05/31 08:47:49.173] - eth_chainId
[2025/05/31 08:47:49.175] - eth_getTransactionByHash
[2025/05/31 08:47:49.217] - eth_chainId
[2025/05/31 08:47:49.219] - eth_getTransactionReceipt
[2025/05/31 08:47:49.223] - eth_getBalance
[2025/05/31 08:47:49.260] - eth_getTransactionCount
[2025/05/31 08:47:49.265] - eth_blockNumber
[2025/05/31 08:47:49.297] - eth_getBalance
[2025/05/31 08:47:49.317] - eth_getTransactionCount
[2025/05/31 08:47:49.343] - eth_getBalance
[2025/05/31 08:47:49.360] - eth_getTransactionCount
[2025/05/31 08:47:49.375] - eth_getBalance
[2025/05/31 08:47:49.390] - eth_getTransactionCount
[2025/05/31 08:47:49.403] - eth_getBalance
[2025/05/31 08:47:49.416] - eth_getTransactionCount
[2025/05/31 08:47:49.429] - eth_getBalance
[2025/05/31 08:47:49.450] - eth_getTransactionCount
[2025/05/31 08:47:49.472] - eth_getBalance
[2025/05/31 08:47:49.495] - eth_getTransactionCount
[2025/05/31 08:47:49.513] - eth_getBalance
[2025/05/31 08:47:49.544] - eth_getTransactionCount
[2025/05/31 08:47:49.565] - eth_getBalance
[2025/05/31 08:47:49.587] - eth_getTransactionCount
[2025/05/31 08:47:49.612] - eth_getBalance
[2025/05/31 08:47:49.630] - eth_getTransactionCount
[2025/05/31 08:49:14.858] - eth_call
[2025/05/31 08:49:14.862] - eth_chainId
[2025/05/31 08:49:39.963] - eth_call
[2025/05/31 08:49:39.965] - eth_chainId
[2025/05/31 08:51:52.395] - eth_blockNumber
[2025/05/31 08:51:52.425] - eth_sendTransaction
[2025/05/31 08:51:52.457] - 
  Transaction: 0x9729935f0184c3a065e6cafe0f56457f6ecdade62a5e579e48fa7a0b847a7a2d
  Gas usage: 29044
  Block number: 2
  Block time: Sat May 31 2025 08:51:52 GMT+0530 (India Standard Time)

[2025/05/31 08:51:52.470] - eth_getBlockByNumber
[2025/05/31 08:51:52.488] - eth_chainId
[2025/05/31 08:51:52.491] - eth_getTransactionByHash
[2025/05/31 08:51:52.520] - eth_chainId
[2025/05/31 08:51:52.522] - eth_getTransactionReceipt
[2025/05/31 08:51:52.567] - eth_chainId
[2025/05/31 08:51:52.595] - eth_getBalance
[2025/05/31 08:51:52.640] - eth_getTransactionCount
[2025/05/31 08:51:52.671] - eth_getBalance
[2025/05/31 08:51:52.694] - eth_getTransactionCount
[2025/05/31 08:51:52.732] - eth_getBalance
[2025/05/31 08:51:52.769] - eth_getTransactionCount
[2025/05/31 08:51:52.806] - eth_getBalance
[2025/05/31 08:51:52.833] - eth_getTransactionCount
[2025/05/31 08:51:52.852] - eth_getBalance
[2025/05/31 08:51:52.868] - eth_getTransactionCount
[2025/05/31 08:51:52.886] - eth_getBalance
[2025/05/31 08:51:52.904] - eth_getTransactionCount
[2025/05/31 08:51:52.921] - eth_getBalance
[2025/05/31 08:51:52.939] - eth_getTransactionCount
[2025/05/31 08:51:52.961] - eth_getBalance
[2025/05/31 08:51:52.977] - eth_getTransactionCount
[2025/05/31 08:51:53.003] - eth_getBalance
[2025/05/31 08:51:53.019] - eth_getTransactionCount
[2025/05/31 08:51:53.036] - eth_getBalance
[2025/05/31 08:51:53.056] - eth_getTransactionCount
[2025/05/31 08:51:56.561] - eth_blockNumber
[2025/05/31 08:51:56.593] - eth_chainId
[2025/05/31 08:51:56.596] - eth_getTransactionReceipt
[2025/05/31 08:52:17.305] - eth_call
[2025/05/31 08:52:17.307] - eth_chainId
[2025/05/31 08:54:23.157] - eth_blockNumber
[2025/05/31 08:54:23.187] - eth_sendTransaction
[2025/05/31 08:54:23.215] - 
  Transaction: 0xcb48f1515ea93469803a577d4c6b8ee395cc4b8f1bc49f84ed5faa5dca64a200
  Gas usage: 28568
  Block number: 3
  Block time: Sat May 31 2025 08:54:23 GMT+0530 (India Standard Time)

[2025/05/31 08:54:23.220] - eth_getBlockByNumber
[2025/05/31 08:54:23.234] - eth_chainId
[2025/05/31 08:54:23.235] - eth_getTransactionByHash
[2025/05/31 08:54:23.259] - eth_getBalance
[2025/05/31 08:54:23.265] - eth_chainId
[2025/05/31 08:54:23.266] - eth_getTransactionReceipt
[2025/05/31 08:54:23.282] - eth_getTransactionCount
[2025/05/31 08:54:23.296] - eth_chainId
[2025/05/31 08:54:23.299] - eth_getBalance
[2025/05/31 08:54:23.315] - eth_getTransactionCount
[2025/05/31 08:54:23.331] - eth_getBalance
[2025/05/31 08:54:23.345] - eth_getTransactionCount
[2025/05/31 08:54:23.359] - eth_getBalance
[2025/05/31 08:54:23.383] - eth_getTransactionCount
[2025/05/31 08:54:23.398] - eth_getBalance
[2025/05/31 08:54:23.412] - eth_getTransactionCount
[2025/05/31 08:54:23.426] - eth_getBalance
[2025/05/31 08:54:23.439] - eth_getTransactionCount
[2025/05/31 08:54:23.452] - eth_getBalance
[2025/05/31 08:54:23.493] - eth_getTransactionCount
[2025/05/31 08:54:23.509] - eth_getBalance
[2025/05/31 08:54:23.531] - eth_getTransactionCount
[2025/05/31 08:54:23.553] - eth_getBalance
[2025/05/31 08:54:23.578] - eth_getTransactionCount
[2025/05/31 08:54:23.596] - eth_getBalance
[2025/05/31 08:54:23.617] - eth_getTransactionCount
[2025/05/31 08:54:27.299] - eth_blockNumber
[2025/05/31 08:54:27.315] - eth_chainId
[2025/05/31 08:54:27.316] - eth_getTransactionReceipt
[2025/05/31 08:54:48.522] - eth_call
[2025/05/31 08:54:48.524] - eth_chainId
[2025/05/31 08:56:26.296] - eth_unsubscribe
[2025/05/31 08:56:26.303] - eth_unsubscribe
